{
  "RSpec": {
    "coverage": {
      "/Users/johnhennerich/turing/1mod/projects/night_writer/lib/night_writer.rb": {
        "lines": [
          1,
          1,
          1,
          1,
          null,
          1,
          4,
          null,
          null,
          null,
          1,
          2,
          null,
          null,
          1,
          2,
          null,
          null,
          null,
          null,
          1,
          null,
          1,
          1,
          null
        ]
      },
      "/Users/johnhennerich/turing/1mod/projects/night_writer/lib/file_interaction.rb": {
        "lines": [
          1,
          1,
          null,
          1,
          7,
          7,
          null,
          null,
          null
        ]
      }
    },
    "timestamp": 1646365026
  }
}
